sh: ./xephemdbd: No such file or directory
Checking GSC and PPM
Loading /usr/local/xephem/catalogs/*.edb (except sao.edb)
    Abell.edb
    IC.edb
    Messier.edb
    NGC.edb
    SAC.edb
    UGC.edb
    YBS.edb
    hickson.edb
    bs.edb
    comets.edb
    gcvs.edb
    mir.edb
    lbn.edb
    pulsars.edb
    spacecraft.edb
    vla20cm.edb
    vla2cm.edb
    vla3.7cm.edb
    vla6cm.edb
    vla90cm.edb
    cgcg.edb
    qso.edb
    ldn.edb
    sh2.edb
    nav.edb
    ISS.edb
    asteroids.edb
    asteroids_dim.edb
    PGC.edb
    WashDouble.edb
    AAVSO.edb
done
  6586: Master daemon
Request: >xephemdbd.11391,9,1023,2000.92969809376,0,0,0.00872665,20
Opening xephemdbd.11391
